<?xml version="1.0" encoding="UTF-8"?>
<!-- Generated by org.testng.reporters.JUnitReportReporter -->
<testsuite hostname="TYC1121738-KARTHIK" failures="0" tests="1" name="test.Sample_Maven_project.SampleTest" time="11.043" errors="0" timestamp="2022-02-02T12:45:33 IST" skipped="0">
  <testcase classname="test.Sample_Maven_project.SampleTest" name="registerTC" time="11.043"/>
  <system-out/>
</testsuite> <!-- test.Sample_Maven_project.SampleTest -->
